\BOOKMARK [0][-]{titlepage.0}{\376\377\134\001\227\142}{}% 1
\BOOKMARK [0][-]{cabstract.0}{\376\377\144\130\211\201}{}% 2
\BOOKMARK [0][-]{eabstract.0}{\376\377\000A\000B\000S\000T\000R\000A\000C\000T}{}% 3
\BOOKMARK [0][-]{contents.0}{\376\377\166\356\137\125}{}% 4
\BOOKMARK [0][-]{chapter*.5}{\376\377\136\217\212\000}{}% 5
\BOOKMARK [0][-]{chapter.1}{\376\377\137\025\212\000}{}% 6
\BOOKMARK [1][-]{section.1.1}{\376\377\131\052\226\063\123\312\000M\167\356\146\037\162\006\123\321\155\073\122\250\173\200\116\313}{chapter.1}% 7
\BOOKMARK [2][-]{subsection.1.1.1}{\376\377\131\052\226\063\200\000\145\221}{section.1.1}% 8
\BOOKMARK [2][-]{subsection.1.1.2}{\376\377\000E\000l\000l\000e\000r\000m\000a\000n\160\270\137\071}{section.1.1}% 9
\BOOKMARK [2][-]{subsection.1.1.3}{\376\377\175\053\131\026\162\006\123\321}{section.1.1}% 10
\BOOKMARK [2][-]{subsection.1.1.4}{\376\377\000M\167\356\146\037\116\012\166\204\140\122\146\037\200\000\145\221}{section.1.1}% 11
\BOOKMARK [1][-]{section.1.2}{\376\377\217\220\134\004\217\154\171\373\116\016\214\061\176\277\137\142\142\020\164\006\213\272\173\200\116\313}{chapter.1}% 12
\BOOKMARK [2][-]{subsection.1.2.1}{\376\377\217\220\134\004\217\154\171\373\145\271\172\013}{section.1.2}% 13
\BOOKMARK [2][-]{subsection.1.2.2}{\376\377\214\061\176\277\137\142\142\020\122\006\147\220}{section.1.2}% 14
\BOOKMARK [2][-]{subsection.1.2.3}{\376\377\214\061\176\277\166\204\201\364\133\275}{section.1.2}% 15
\BOOKMARK [2][-]{subsection.1.2.4}{\376\377\214\061\176\277\145\143\134\004\166\204\230\221\163\207\121\215\122\006\136\003}{section.1.2}% 16
\BOOKMARK [2][-]{subsection.1.2.5}{\376\377\170\301\127\072\116\016\214\061\176\277\166\204\000S\000t\000o\000k\000e\000s\123\302\145\160}{section.1.2}% 17
\BOOKMARK [1][-]{section.1.3}{\376\377\200\000\145\221\136\046\116\012\202\162\164\003\123\312\217\307\156\041\123\072\175\053\131\026\214\061\176\277\213\312\145\255\173\200\116\313}{chapter.1}% 18
\BOOKMARK [2][-]{subsection.1.3.1}{\376\377\000M\000g\000\040\000i\000i\176\277}{section.1.3}% 19
\BOOKMARK [2][-]{subsection.1.3.2}{\376\377\000S\000i\000\040\000i\000v\176\277}{section.1.3}% 20
\BOOKMARK [2][-]{subsection.1.3.3}{\376\377\000C\000\040\000i\000i\176\277}{section.1.3}% 21
\BOOKMARK [1][-]{section.1.4}{\376\377\170\024\172\166\122\250\147\072}{chapter.1}% 22
\BOOKMARK [0][-]{chapter.2}{\376\377\170\024\172\166\145\271\154\325\151\202\217\360}{}% 23
\BOOKMARK [1][-]{section.2.1}{\376\377\000R\000A\000D\000Y\000N\116\343\170\001}{chapter.2}% 24
\BOOKMARK [2][-]{subsection.2.1.1}{\376\377\155\101\117\123\122\233\133\146\123\312\217\220\134\004\217\154\171\373\145\271\172\013\176\304}{section.2.1}% 25
\BOOKMARK [2][-]{subsection.2.1.2}{\376\377\121\111\133\146\123\232\116\016\121\111\133\146\205\204\217\220\134\004\217\154\171\373}{section.2.1}% 26
\BOOKMARK [2][-]{subsection.2.1.3}{\376\377\122\240\160\355\147\072\122\066}{section.2.1}% 27
\BOOKMARK [2][-]{subsection.2.1.4}{\376\377\122\035\131\313\217\223\121\145}{section.2.1}% 28
\BOOKMARK [1][-]{section.2.2}{\376\377\000R\000H\116\343\170\001}{chapter.2}% 29
\BOOKMARK [2][-]{subsection.2.2.1}{\376\377\154\102\211\343\217\307\172\013}{section.2.2}% 30
\BOOKMARK [2][-]{subsection.2.2.2}{\376\377\217\223\121\145\217\223\121\372}{section.2.2}% 31
\BOOKMARK [2][-]{subsection.2.2.3}{\376\377\000S\000t\000a\000r\000k\201\364\133\275\145\110\136\224\131\004\164\006}{section.2.2}% 32
\BOOKMARK [1][-]{section.2.3}{\376\377\000S\000T\000A\000R\000K\000-\000B\145\160\143\156\136\223}{chapter.2}% 33
\BOOKMARK [0][-]{chapter.3}{\376\377\116\213\116\366\170\024\172\166\377\032\0002\0000\0001\0004\136\164\0003\147\010\0002\0009\145\345\200\000\145\221}{}% 34
\BOOKMARK [1][-]{section.3.1}{\376\377\200\000\145\221\116\213\116\366\116\016\121\111\214\061\211\302\155\113\173\200\116\313}{chapter.3}% 35
\BOOKMARK [1][-]{section.3.2}{\376\377\152\041\142\337\217\223\121\145\213\276\133\232}{chapter.3}% 36
\BOOKMARK [1][-]{section.3.3}{\376\377\131\047\154\024\157\024\123\026\217\307\172\013}{chapter.3}% 37
\BOOKMARK [1][-]{section.3.4}{\376\377\214\061\176\277\157\024\123\026\377\032\000M\000g\000\040\000i\000i}{chapter.3}% 38
\BOOKMARK [1][-]{section.3.5}{\376\377\214\061\176\277\157\024\123\026\377\032\000C\000\040\000i\000i}{chapter.3}% 39
\BOOKMARK [1][-]{section.3.6}{\376\377\214\061\176\277\157\024\123\026\377\032\000S\000i\000\040\000i\000v}{chapter.3}% 40
\BOOKMARK [1][-]{section.3.7}{\376\377\214\061\176\277\137\142\142\020\122\006\147\220}{chapter.3}% 41
\BOOKMARK [1][-]{section.3.8}{\376\377\000H\000e\000\040\000i\000\040\0001\0000\0008\0003\0000\000\040\000\305\176\277\166\204\000S\000t\000o\000k\000e\000s\123\302\145\160\123\330\123\026}{chapter.3}% 42
\BOOKMARK [1][-]{section.3.9}{\376\377\213\250\213\272}{chapter.3}% 43
\BOOKMARK [0][-]{chapter.4}{\376\377\123\302\145\160\170\024\172\166\377\032\000M\000g\000\040\000i\000i\214\061\176\277\127\050\000M\167\356\146\037\200\000\145\221\227\136\160\355\165\065\133\120\147\137\122\240\160\355\116\013\166\204\124\315\136\224}{}% 44
\BOOKMARK [1][-]{section.4.1}{\376\377\122\035\131\313\147\141\116\366\213\276\133\232}{chapter.4}% 45
\BOOKMARK [1][-]{section.4.2}{\376\377\131\047\154\024\157\024\123\026\162\171\137\201}{chapter.4}% 46
\BOOKMARK [1][-]{section.4.3}{\376\377\214\061\176\277\157\024\123\026\162\171\137\201}{chapter.4}% 47
\BOOKMARK [1][-]{section.4.4}{\376\377\137\142\142\020\232\330\136\246\122\006\147\220}{chapter.4}% 48
\BOOKMARK [1][-]{section.4.5}{\376\377\213\250\213\272}{chapter.4}% 49
\BOOKMARK [0][-]{chapter.5}{\376\377\214\061\176\277\133\371\117\116\232\330\136\246\134\017\134\072\136\246\122\240\160\355\166\204\124\315\136\224}{}% 50
\BOOKMARK [1][-]{section.5.1}{\376\377\170\024\172\166\145\271\154\325}{chapter.5}% 51
\BOOKMARK [1][-]{section.5.2}{\376\377\122\035\131\313\213\276\177\156}{chapter.5}% 52
\BOOKMARK [1][-]{section.5.3}{\376\377\124\010\142\020\121\111\214\061\116\016\213\250\213\272}{chapter.5}% 53
\BOOKMARK [0][-]{chapter.6}{\376\377\176\323\213\272}{}% 54
\BOOKMARK [0][-]{appendix*.53}{\376\377\123\302\200\003\145\207\163\056}{}% 55
\BOOKMARK [0][-]{appendix.A}{\376\377\133\371\000R\000H\116\343\170\001\166\204\117\356\145\071\116\016\213\250\213\272}{}% 56
\BOOKMARK [1][-]{section.A.1}{\376\377\133\371\000R\000H\116\343\170\001\166\204\117\356\145\071}{appendix.A}% 57
\BOOKMARK [2][-]{subsection.A.1.1}{\376\377\135\114\121\145\000S\000T\000A\000R\000K\000-\000B\145\160\143\156\136\223\176\323\147\234}{section.A.1}% 58
\BOOKMARK [2][-]{subsection.A.1.2}{\376\377\143\320\117\233\217\220\134\004\155\101\221\317\217\223\121\372}{section.A.1}% 59
\BOOKMARK [2][-]{subsection.A.1.3}{\376\377\165\050\116\216\117\356\145\071\131\047\154\024\166\204\123\357\211\306\123\026\000I\000p\000y\000t\000h\000o\000n\000\040\000N\000o\000t\000e\000b\000o\000o\000k}{section.A.1}% 60
\BOOKMARK [1][-]{section.A.2}{\376\377\000R\000H\133\371\000M\000g\000\040\000i\000i\166\204\000S\000t\000a\000r\000k\201\364\133\275\166\204\131\004\164\006\172\166\172\337\147\011\124\352\116\233\225\356\230\230\377\037}{appendix.A}% 61
\BOOKMARK [0][-]{appendix.B}{\376\377\147\054\171\321\147\037\225\364\166\204\116\073\211\201\135\345\117\134\124\214\142\020\147\234}{}% 62
\BOOKMARK [0][-]{appendix*.55}{\376\377\201\364\214\042}{}% 63
\BOOKMARK [0][-]{appendix*.56}{\376\377\123\027\116\254\131\047\133\146\133\146\117\115\213\272\145\207\123\237\122\033\140\047\130\360\146\016\124\214\117\177\165\050\143\210\147\103\213\364\146\016}{}% 64
