\BOOKMARK [0][-]{titlepage.0}{\376\377\134\001\227\142}{}% 1
\BOOKMARK [0][-]{cabstract.0}{\376\377\144\130\211\201}{}% 2
\BOOKMARK [0][-]{eabstract.0}{\376\377\000A\000B\000S\000T\000R\000A\000C\000T}{}% 3
\BOOKMARK [0][-]{contents.0}{\376\377\166\356\137\125}{}% 4
\BOOKMARK [0][-]{chapter*.5}{\376\377\136\217\212\000}{}% 5
\BOOKMARK [0][-]{chapter.1}{\376\377\151\202\217\360}{}% 6
\BOOKMARK [1][-]{section.1.1}{\376\377\131\052\226\063\123\312\000M\167\356\146\037\162\006\123\321\155\073\122\250\173\200\116\313}{chapter.1}% 7
\BOOKMARK [2][-]{subsection.1.1.1}{\376\377\200\000\145\221}{section.1.1}% 8
\BOOKMARK [2][-]{subsection.1.1.2}{\376\377\000E\000l\000l\000e\000r\000m\000a\000n\160\270\137\071}{section.1.1}% 9
\BOOKMARK [2][-]{subsection.1.1.3}{\376\377\000U\000V\162\006\123\321}{section.1.1}% 10
\BOOKMARK [1][-]{section.1.2}{\376\377\000U\000V\214\061\176\277\213\312\145\255\173\200\116\313}{chapter.1}% 11
\BOOKMARK [2][-]{subsection.1.2.1}{\376\377\217\220\134\004\217\154\171\373\116\016\214\061\176\277\137\142\142\020}{section.1.2}% 12
\BOOKMARK [2][-]{subsection.1.2.2}{\376\377\000M\000g\000\040\000I\000I\176\277}{section.1.2}% 13
\BOOKMARK [2][-]{subsection.1.2.3}{\376\377\000S\000i\000\040\000I\000V\176\277}{section.1.2}% 14
\BOOKMARK [2][-]{subsection.1.2.4}{\376\377\000C\000\040\000I\000I\176\277}{section.1.2}% 15
\BOOKMARK [1][-]{section.1.3}{\376\377\217\220\134\004\155\101\117\123\122\233\133\146\152\041\142\337\173\200\116\313}{chapter.1}% 16
\BOOKMARK [1][-]{section.1.4}{\376\377\211\302\155\113\116\352\126\150\173\200\116\313}{chapter.1}% 17
\BOOKMARK [2][-]{subsection.1.4.1}{\376\377\131\052\226\063\217\307\156\041\134\102\142\020\120\317\121\111\214\061\116\352\123\153\146\037}{section.1.4}% 18
\BOOKMARK [2][-]{subsection.1.4.2}{\376\377\133\207\133\231\215\167\156\220\121\111\214\061\116\352}{section.1.4}% 19
\BOOKMARK [0][-]{chapter.2}{\376\377\170\024\172\166\145\271\154\325\151\202\217\360}{}% 20
\BOOKMARK [1][-]{section.2.1}{\376\377\000R\000A\000D\000Y\000N\116\343\170\001}{chapter.2}% 21
\BOOKMARK [1][-]{section.2.2}{\376\377\000R\000H\116\343\170\001}{chapter.2}% 22
\BOOKMARK [1][-]{section.2.3}{\376\377\000S\000T\000A\000R\000K\000-\000B\145\160\143\156\136\223}{chapter.2}% 23
\BOOKMARK [0][-]{chapter.3}{\376\377\116\213\116\366\170\024\172\166\377\032\0002\0000\0001\0004\136\164\0003\147\010\0002\0009\145\345\200\000\145\221}{}% 24
\BOOKMARK [0][-]{chapter.4}{\376\377\123\302\145\160\170\024\172\166\377\032\000C\000\040\000I\000I\214\061\176\277\127\050\116\015\124\014\200\000\145\221\227\136\160\355\165\065\133\120\147\137\122\240\160\355\116\013\166\204\124\315\136\224}{}% 25
\BOOKMARK [1][-]{section.4.1}{\376\377\131\052\226\063}{chapter.4}% 26
\BOOKMARK [1][-]{section.4.2}{\376\377\000M\167\356\146\037}{chapter.4}% 27
\BOOKMARK [0][-]{chapter.5}{\376\377\000U\000V\214\061\176\277\133\371\117\116\232\330\136\246\134\017\134\072\136\246\122\240\160\355\166\204\124\315\136\224}{}% 28
\BOOKMARK [1][-]{section.5.1}{\376\377\170\024\172\166\145\271\154\325}{chapter.5}% 29
\BOOKMARK [1][-]{section.5.2}{\376\377\000E\000l\000l\000e\000r\000m\000a\000n\160\270\137\071}{chapter.5}% 30
\BOOKMARK [1][-]{section.5.3}{\376\377\000U\000V\162\006\123\321}{chapter.5}% 31
\BOOKMARK [0][-]{chapter.6}{\376\377\170\301\127\072\133\371\000U\000V\214\061\176\277\000S\000t\000o\000k\000e\000s\123\302\145\160\166\204\137\161\124\315}{}% 32
\BOOKMARK [0][-]{chapter*.7}{\376\377\176\323\213\272}{}% 33
\BOOKMARK [0][-]{appendix*.9}{\376\377\123\302\200\003\145\207\163\056}{}% 34
\BOOKMARK [0][-]{appendix.A}{\376\377\226\104\116\366}{}% 35
\BOOKMARK [0][-]{appendix*.10}{\376\377\201\364\214\042}{}% 36
\BOOKMARK [0][-]{appendix*.11}{\376\377\123\027\116\254\131\047\133\146\133\146\117\115\213\272\145\207\123\237\122\033\140\047\130\360\146\016\124\214\117\177\165\050\143\210\147\103\213\364\146\016}{}% 37
